C:\PROGRAMMING\GITHUBPROJECTS\GRAYGRABCUT\GRAYGRABCUT\X64\DEBUG\GMM.OBJ
C:\PROGRAMMING\GITHUBPROJECTS\GRAYGRABCUT\GRAYGRABCUT\X64\DEBUG\GRABCUT.OBJ
C:\PROGRAMMING\GITHUBPROJECTS\GRAYGRABCUT\GRAYGRABCUT\X64\DEBUG\TESTGRABCUT.OBJ
C:\PROGRAMMING\GITHUBPROJECTS\GRAYGRABCUT\GRAYGRABCUT\X64\DEBUG\VC110.PDB
C:\Programming\GitHubProjects\GrayGrabCut\GrayGrabCut\x64\Debug\GMM.obj
C:\Programming\GitHubProjects\GrayGrabCut\GrayGrabCut\x64\Debug\grabcut.obj
C:\Programming\GitHubProjects\GrayGrabCut\GrayGrabCut\x64\Debug\TestGrabCut.obj
C:\Programming\GitHubProjects\GrayGrabCut\GrayGrabCut\x64\Debug\cl.command.1.tlog
C:\Programming\GitHubProjects\GrayGrabCut\GrayGrabCut\x64\Debug\CL.read.1.tlog
C:\Programming\GitHubProjects\GrayGrabCut\GrayGrabCut\x64\Debug\CL.write.1.tlog
C:\Programming\GitHubProjects\GrayGrabCut\GrayGrabCut\x64\Debug\link-cvtres.read.1.tlog
C:\Programming\GitHubProjects\GrayGrabCut\GrayGrabCut\x64\Debug\link-cvtres.write.1.tlog
C:\Programming\GitHubProjects\GrayGrabCut\GrayGrabCut\x64\Debug\link-rc.read.1.tlog
C:\Programming\GitHubProjects\GrayGrabCut\GrayGrabCut\x64\Debug\link-rc.write.1.tlog
C:\Programming\GitHubProjects\GrayGrabCut\GrayGrabCut\x64\Debug\link.command.1.tlog
C:\Programming\GitHubProjects\GrayGrabCut\GrayGrabCut\x64\Debug\link.read.1.tlog
C:\Programming\GitHubProjects\GrayGrabCut\GrayGrabCut\x64\Debug\link.write.1.tlog
C:\Programming\GitHubProjects\GrayGrabCut\GrayGrabCut\x64\Debug\vc110.idb
C:\Programming\GitHubProjects\GrayGrabCut\GrayGrabCut\x64\Debug\vc110.pdb
C:\Programming\GitHubProjects\GrayGrabCut\x64\Debug\GrayGrabCut.pdb
